[2025-02-14 19:05:05,212] 11 root - INFO - Logging started
[2025-02-14 19:05:13,901] 13 root - INFO - Data Ingestion Started
[2025-02-14 19:05:21,202] 53 root - INFO - Data was splitted in to two 
[2025-02-14 19:05:21,203] 54 root - INFO - Exited split_data_as_train-test method of data ingestion class
[2025-02-14 19:05:21,203] 57 root - INFO - Exporting the train and test data
[2025-02-14 19:05:21,294] 60 root - INFO - splitted Data is saved at location 
[2025-02-14 19:05:21,294] 18 root - INFO - Data Ingested successfully
[2025-02-14 19:05:21,295] 19 root - INFO - Data Valiation Started
[2025-02-14 19:05:21,405] 31 root - INFO - NUmber of columns are2
[2025-02-14 19:05:21,405] 32 root - INFO - NUmber of columns areIndex(['having_IP_Address', 'URL_Length', 'Shortining_Service',
       'having_At_Symbol', 'double_slash_redirecting', 'Prefix_Suffix',
       'having_Sub_Domain', 'SSLfinal_State', 'Domain_registeration_length',
       'Favicon', 'port', 'HTTPS_token', 'Request_URL', 'URL_of_Anchor',
       'Links_in_tags', 'SFH', 'Submitting_to_email', 'Abnormal_URL',
       'Redirect', 'on_mouseover', 'RightClick', 'popUpWidnow', 'Iframe',
       'age_of_domain', 'DNSRecord', 'web_traffic', 'Page_Rank',
       'Google_Index', 'Links_pointing_to_page', 'Statistical_report',
       'Result'],
      dtype='object')
[2025-02-14 19:05:21,406] 31 root - INFO - NUmber of columns are2
[2025-02-14 19:05:21,406] 32 root - INFO - NUmber of columns areIndex(['having_IP_Address', 'URL_Length', 'Shortining_Service',
       'having_At_Symbol', 'double_slash_redirecting', 'Prefix_Suffix',
       'having_Sub_Domain', 'SSLfinal_State', 'Domain_registeration_length',
       'Favicon', 'port', 'HTTPS_token', 'Request_URL', 'URL_of_Anchor',
       'Links_in_tags', 'SFH', 'Submitting_to_email', 'Abnormal_URL',
       'Redirect', 'on_mouseover', 'RightClick', 'popUpWidnow', 'Iframe',
       'age_of_domain', 'DNSRecord', 'web_traffic', 'Page_Rank',
       'Google_Index', 'Links_pointing_to_page', 'Statistical_report',
       'Result'],
      dtype='object')
[2025-02-14 19:05:21,750] 25 root - INFO - Data Valiation successfully
[2025-02-14 19:05:21,750] 27 root - INFO - Data Transformation began
[2025-02-14 19:05:21,750] 47 root - INFO - Initiated the transformation process
[2025-02-14 19:05:21,750] 49 root - INFO - Started the transformation process
[2025-02-14 19:05:21,825] 35 root - INFO - Entered get_data_transformed_object of Data Transformation class
[2025-02-14 19:05:21,825] 38 root - INFO - Intialized the imputer with params
[2025-02-14 19:05:21,843] 41 root - INFO - Saving the object given from transformation class
[2025-02-14 19:05:21,846] 45 root - INFO - The object was saved successfully
[2025-02-14 19:05:21,846] 74 root - INFO - The transformation process is ended
[2025-02-14 19:05:21,848] 31 root - INFO - Data Transformation ended
[2025-02-14 19:05:21,848] 33 root - INFO - Model Training began
[2025-02-14 19:05:21,848] 51 root - INFO - Loading the numpy array given from tansformed artiafacts
[2025-02-14 19:05:21,861] 51 root - INFO - Loading the numpy array given from tansformed artiafacts
