[2025-02-15 10:04:41,452] 11 root - INFO - Logging started
[2025-02-15 10:04:43,562] 13 root - INFO - Data Ingestion Started
[2025-02-15 10:04:53,154] 53 root - INFO - Data was splitted in to two 
[2025-02-15 10:04:53,154] 54 root - INFO - Exited split_data_as_train-test method of data ingestion class
[2025-02-15 10:04:53,155] 57 root - INFO - Exporting the train and test data
[2025-02-15 10:04:53,234] 60 root - INFO - splitted Data is saved at location 
[2025-02-15 10:04:53,235] 18 root - INFO - Data Ingested successfully
[2025-02-15 10:04:53,235] 19 root - INFO - Data Valiation Started
[2025-02-15 10:04:53,306] 31 root - INFO - NUmber of columns are2
[2025-02-15 10:04:53,306] 32 root - INFO - NUmber of columns areIndex(['having_IP_Address', 'URL_Length', 'Shortining_Service',
       'having_At_Symbol', 'double_slash_redirecting', 'Prefix_Suffix',
       'having_Sub_Domain', 'SSLfinal_State', 'Domain_registeration_length',
       'Favicon', 'port', 'HTTPS_token', 'Request_URL', 'URL_of_Anchor',
       'Links_in_tags', 'SFH', 'Submitting_to_email', 'Abnormal_URL',
       'Redirect', 'on_mouseover', 'RightClick', 'popUpWidnow', 'Iframe',
       'age_of_domain', 'DNSRecord', 'web_traffic', 'Page_Rank',
       'Google_Index', 'Links_pointing_to_page', 'Statistical_report',
       'Result'],
      dtype='object')
[2025-02-15 10:04:53,307] 31 root - INFO - NUmber of columns are2
[2025-02-15 10:04:53,307] 32 root - INFO - NUmber of columns areIndex(['having_IP_Address', 'URL_Length', 'Shortining_Service',
       'having_At_Symbol', 'double_slash_redirecting', 'Prefix_Suffix',
       'having_Sub_Domain', 'SSLfinal_State', 'Domain_registeration_length',
       'Favicon', 'port', 'HTTPS_token', 'Request_URL', 'URL_of_Anchor',
       'Links_in_tags', 'SFH', 'Submitting_to_email', 'Abnormal_URL',
       'Redirect', 'on_mouseover', 'RightClick', 'popUpWidnow', 'Iframe',
       'age_of_domain', 'DNSRecord', 'web_traffic', 'Page_Rank',
       'Google_Index', 'Links_pointing_to_page', 'Statistical_report',
       'Result'],
      dtype='object')
[2025-02-15 10:04:53,533] 25 root - INFO - Data Valiation successfully
[2025-02-15 10:04:53,533] 27 root - INFO - Data Transformation began
[2025-02-15 10:04:53,533] 47 root - INFO - Initiated the transformation process
[2025-02-15 10:04:53,534] 49 root - INFO - Started the transformation process
[2025-02-15 10:04:53,605] 35 root - INFO - Entered get_data_transformed_object of Data Transformation class
[2025-02-15 10:04:53,605] 38 root - INFO - Intialized the imputer with params
[2025-02-15 10:04:53,618] 41 root - INFO - Saving the object given from transformation class
[2025-02-15 10:04:53,620] 45 root - INFO - The object was saved successfully
[2025-02-15 10:04:53,621] 74 root - INFO - The transformation process is ended
[2025-02-15 10:04:53,622] 31 root - INFO - Data Transformation ended
[2025-02-15 10:04:53,622] 33 root - INFO - Model Training began
[2025-02-15 10:04:53,622] 51 root - INFO - Loading the numpy array given from tansformed artiafacts
[2025-02-15 10:04:53,632] 51 root - INFO - Loading the numpy array given from tansformed artiafacts
[2025-02-15 10:04:56,590] 62 root - INFO - Loading the model/object given from Model artiafacts
[2025-02-15 10:04:56,601] 68 root - INFO - The model/object was loaded successfully
[2025-02-15 10:04:56,602] 41 root - INFO - Saving the object given from transformation class
[2025-02-15 10:04:56,604] 45 root - INFO - The object was saved successfully
[2025-02-15 10:04:56,605] 37 root - INFO - Model Training  ended
