[2025-02-14 17:06:49,598] 11 root - INFO - Logging started
[2025-02-14 17:06:51,469] 11 root - INFO - Data Ingestion Started
[2025-02-14 17:06:58,264] 53 root - INFO - Data was splitted in to two 
[2025-02-14 17:06:58,264] 54 root - INFO - Exited split_data_as_train-test method of data ingestion class
[2025-02-14 17:06:58,273] 57 root - INFO - Exporting the train and test data
[2025-02-14 17:06:58,353] 60 root - INFO - splitted Data is saved at location 
[2025-02-14 17:06:58,353] 16 root - INFO - Data Ingested successfully
[2025-02-14 17:06:58,353] 17 root - INFO - Data Valiation Started
[2025-02-14 17:06:58,425] 31 root - INFO - NUmber of columns are2
[2025-02-14 17:06:58,425] 32 root - INFO - NUmber of columns areIndex(['having_IP_Address', 'URL_Length', 'Shortining_Service',
       'having_At_Symbol', 'double_slash_redirecting', 'Prefix_Suffix',
       'having_Sub_Domain', 'SSLfinal_State', 'Domain_registeration_length',
       'Favicon', 'port', 'HTTPS_token', 'Request_URL', 'URL_of_Anchor',
       'Links_in_tags', 'SFH', 'Submitting_to_email', 'Abnormal_URL',
       'Redirect', 'on_mouseover', 'RightClick', 'popUpWidnow', 'Iframe',
       'age_of_domain', 'DNSRecord', 'web_traffic', 'Page_Rank',
       'Google_Index', 'Links_pointing_to_page', 'Statistical_report',
       'Result'],
      dtype='object')
[2025-02-14 17:06:58,426] 31 root - INFO - NUmber of columns are2
[2025-02-14 17:06:58,426] 32 root - INFO - NUmber of columns areIndex(['having_IP_Address', 'URL_Length', 'Shortining_Service',
       'having_At_Symbol', 'double_slash_redirecting', 'Prefix_Suffix',
       'having_Sub_Domain', 'SSLfinal_State', 'Domain_registeration_length',
       'Favicon', 'port', 'HTTPS_token', 'Request_URL', 'URL_of_Anchor',
       'Links_in_tags', 'SFH', 'Submitting_to_email', 'Abnormal_URL',
       'Redirect', 'on_mouseover', 'RightClick', 'popUpWidnow', 'Iframe',
       'age_of_domain', 'DNSRecord', 'web_traffic', 'Page_Rank',
       'Google_Index', 'Links_pointing_to_page', 'Statistical_report',
       'Result'],
      dtype='object')
[2025-02-14 17:06:58,665] 23 root - INFO - Data Valiation successfully
[2025-02-14 17:06:58,666] 25 root - INFO - Data Transformation began
[2025-02-14 17:06:58,666] 47 root - INFO - Initiated the transformation process
[2025-02-14 17:06:58,666] 49 root - INFO - Started the transformation process
[2025-02-14 17:06:58,739] 35 root - INFO - Entered get_data_transformed_object of Data Transformation class
[2025-02-14 17:06:58,739] 38 root - INFO - Intialized the imputer with params
[2025-02-14 17:06:58,760] 40 root - INFO - Saving the object given from transformation class
[2025-02-14 17:06:58,774] 44 root - INFO - The object was saved successfully
[2025-02-14 17:06:58,774] 74 root - INFO - The transformation process is ended
[2025-02-14 17:06:58,776] 29 root - INFO - Data Transformation ended
