[2025-02-15 10:06:30,669] 11 root - INFO - Logging started
[2025-02-15 10:06:32,670] 13 root - INFO - Data Ingestion Started
[2025-02-15 10:06:41,958] 53 root - INFO - Data was splitted in to two 
[2025-02-15 10:06:41,958] 54 root - INFO - Exited split_data_as_train-test method of data ingestion class
[2025-02-15 10:06:41,959] 57 root - INFO - Exporting the train and test data
[2025-02-15 10:06:42,044] 60 root - INFO - splitted Data is saved at location 
[2025-02-15 10:06:42,045] 18 root - INFO - Data Ingested successfully
[2025-02-15 10:06:42,045] 19 root - INFO - Data Valiation Started
[2025-02-15 10:06:42,117] 31 root - INFO - NUmber of columns are2
[2025-02-15 10:06:42,117] 32 root - INFO - NUmber of columns areIndex(['having_IP_Address', 'URL_Length', 'Shortining_Service',
       'having_At_Symbol', 'double_slash_redirecting', 'Prefix_Suffix',
       'having_Sub_Domain', 'SSLfinal_State', 'Domain_registeration_length',
       'Favicon', 'port', 'HTTPS_token', 'Request_URL', 'URL_of_Anchor',
       'Links_in_tags', 'SFH', 'Submitting_to_email', 'Abnormal_URL',
       'Redirect', 'on_mouseover', 'RightClick', 'popUpWidnow', 'Iframe',
       'age_of_domain', 'DNSRecord', 'web_traffic', 'Page_Rank',
       'Google_Index', 'Links_pointing_to_page', 'Statistical_report',
       'Result'],
      dtype='object')
[2025-02-15 10:06:42,118] 31 root - INFO - NUmber of columns are2
[2025-02-15 10:06:42,118] 32 root - INFO - NUmber of columns areIndex(['having_IP_Address', 'URL_Length', 'Shortining_Service',
       'having_At_Symbol', 'double_slash_redirecting', 'Prefix_Suffix',
       'having_Sub_Domain', 'SSLfinal_State', 'Domain_registeration_length',
       'Favicon', 'port', 'HTTPS_token', 'Request_URL', 'URL_of_Anchor',
       'Links_in_tags', 'SFH', 'Submitting_to_email', 'Abnormal_URL',
       'Redirect', 'on_mouseover', 'RightClick', 'popUpWidnow', 'Iframe',
       'age_of_domain', 'DNSRecord', 'web_traffic', 'Page_Rank',
       'Google_Index', 'Links_pointing_to_page', 'Statistical_report',
       'Result'],
      dtype='object')
[2025-02-15 10:06:42,419] 25 root - INFO - Data Valiation successfully
[2025-02-15 10:06:42,420] 27 root - INFO - Data Transformation began
[2025-02-15 10:06:42,420] 47 root - INFO - Initiated the transformation process
[2025-02-15 10:06:42,420] 49 root - INFO - Started the transformation process
[2025-02-15 10:06:42,493] 35 root - INFO - Entered get_data_transformed_object of Data Transformation class
[2025-02-15 10:06:42,493] 38 root - INFO - Intialized the imputer with params
[2025-02-15 10:06:42,509] 41 root - INFO - Saving the object given from transformation class
[2025-02-15 10:06:42,512] 45 root - INFO - The object was saved successfully
[2025-02-15 10:06:42,513] 74 root - INFO - The transformation process is ended
[2025-02-15 10:06:42,514] 31 root - INFO - Data Transformation ended
[2025-02-15 10:06:42,515] 33 root - INFO - Model Training began
[2025-02-15 10:06:42,516] 51 root - INFO - Loading the numpy array given from tansformed artiafacts
[2025-02-15 10:06:42,525] 51 root - INFO - Loading the numpy array given from tansformed artiafacts
[2025-02-15 10:07:45,540] 62 root - INFO - Loading the model/object given from Model artiafacts
[2025-02-15 10:07:45,552] 68 root - INFO - The model/object was loaded successfully
[2025-02-15 10:07:45,553] 41 root - INFO - Saving the object given from transformation class
[2025-02-15 10:07:45,572] 45 root - INFO - The object was saved successfully
[2025-02-15 10:07:45,575] 38 root - INFO - Model Training  ended
