[2025-02-15 09:57:20,424] 11 root - INFO - Logging started
[2025-02-15 09:57:37,100] 13 root - INFO - Data Ingestion Started
[2025-02-15 09:57:47,021] 53 root - INFO - Data was splitted in to two 
[2025-02-15 09:57:47,022] 54 root - INFO - Exited split_data_as_train-test method of data ingestion class
[2025-02-15 09:57:47,022] 57 root - INFO - Exporting the train and test data
[2025-02-15 09:57:47,163] 60 root - INFO - splitted Data is saved at location 
[2025-02-15 09:57:47,164] 18 root - INFO - Data Ingested successfully
[2025-02-15 09:57:47,164] 19 root - INFO - Data Valiation Started
[2025-02-15 09:57:47,287] 31 root - INFO - NUmber of columns are2
[2025-02-15 09:57:47,288] 32 root - INFO - NUmber of columns areIndex(['having_IP_Address', 'URL_Length', 'Shortining_Service',
       'having_At_Symbol', 'double_slash_redirecting', 'Prefix_Suffix',
       'having_Sub_Domain', 'SSLfinal_State', 'Domain_registeration_length',
       'Favicon', 'port', 'HTTPS_token', 'Request_URL', 'URL_of_Anchor',
       'Links_in_tags', 'SFH', 'Submitting_to_email', 'Abnormal_URL',
       'Redirect', 'on_mouseover', 'RightClick', 'popUpWidnow', 'Iframe',
       'age_of_domain', 'DNSRecord', 'web_traffic', 'Page_Rank',
       'Google_Index', 'Links_pointing_to_page', 'Statistical_report',
       'Result'],
      dtype='object')
[2025-02-15 09:57:47,288] 31 root - INFO - NUmber of columns are2
[2025-02-15 09:57:47,288] 32 root - INFO - NUmber of columns areIndex(['having_IP_Address', 'URL_Length', 'Shortining_Service',
       'having_At_Symbol', 'double_slash_redirecting', 'Prefix_Suffix',
       'having_Sub_Domain', 'SSLfinal_State', 'Domain_registeration_length',
       'Favicon', 'port', 'HTTPS_token', 'Request_URL', 'URL_of_Anchor',
       'Links_in_tags', 'SFH', 'Submitting_to_email', 'Abnormal_URL',
       'Redirect', 'on_mouseover', 'RightClick', 'popUpWidnow', 'Iframe',
       'age_of_domain', 'DNSRecord', 'web_traffic', 'Page_Rank',
       'Google_Index', 'Links_pointing_to_page', 'Statistical_report',
       'Result'],
      dtype='object')
[2025-02-15 09:57:47,543] 25 root - INFO - Data Valiation successfully
[2025-02-15 09:57:47,544] 27 root - INFO - Data Transformation began
[2025-02-15 09:57:47,544] 47 root - INFO - Initiated the transformation process
[2025-02-15 09:57:47,544] 49 root - INFO - Started the transformation process
[2025-02-15 09:57:47,713] 35 root - INFO - Entered get_data_transformed_object of Data Transformation class
[2025-02-15 09:57:47,713] 38 root - INFO - Intialized the imputer with params
[2025-02-15 09:57:47,750] 41 root - INFO - Saving the object given from transformation class
[2025-02-15 09:57:47,762] 45 root - INFO - The object was saved successfully
[2025-02-15 09:57:47,763] 74 root - INFO - The transformation process is ended
[2025-02-15 09:57:47,764] 31 root - INFO - Data Transformation ended
[2025-02-15 09:57:47,764] 33 root - INFO - Model Training began
[2025-02-15 09:57:47,764] 51 root - INFO - Loading the numpy array given from tansformed artiafacts
[2025-02-15 09:57:47,776] 51 root - INFO - Loading the numpy array given from tansformed artiafacts
[2025-02-15 09:57:50,825] 62 root - INFO - Loading the model/object given from Model artiafacts
[2025-02-15 09:57:50,841] 68 root - INFO - The model/object was loaded successfully
[2025-02-15 09:57:50,846] 41 root - INFO - Saving the object given from transformation class
[2025-02-15 09:57:50,851] 45 root - INFO - The object was saved successfully
[2025-02-15 09:57:50,851] 41 root - ERROR - Error occured at script name [D:\Mlops\DS2\src\components\model_trainer.py] line number [104] error message [Error occured at script name [D:\Mlops\DS2\src\components\model_trainer.py] line number [86] error message [ModelTrainerArtifact.__init__() got an unexpected keyword argument 'classification_train_metric']]
